SF:lib\src\blocs\forgot_password_bloc\forgot_password_bloc.dart
DA:12,6
DA:15,1
DA:18,1
DA:19,1
DA:21,2
DA:22,0
DA:23,0
DA:24,0
DA:26,0
DA:27,0
DA:28,0
LF:11
LH:5
end_of_record
SF:lib\src\blocs\forgot_password_bloc\forgot_password_event.dart
DA:6,1
DA:8,0
DA:9,0
DA:15,1
DA:17,1
LF:5
LH:3
end_of_record
SF:lib\src\blocs\forgot_password_bloc\forgot_password_state.dart
DA:4,2
DA:6,0
DA:7,0
DA:18,1
DA:21,1
DA:22,2
LF:6
LH:4
end_of_record
SF:lib\src\models\user_model.dart
DA:6,43
DA:12,0
DA:13,0
DA:14,0
DA:15,0
LF:5
LH:1
end_of_record
SF:lib\src\services\user_services.dart
DA:11,4
DA:13,2
DA:15,4
DA:16,4
DA:17,2
DA:18,2
DA:19,0
DA:22,4
DA:26,0
DA:27,0
DA:28,0
DA:29,0
DA:32,0
DA:33,0
DA:36,0
DA:37,0
DA:40,0
DA:42,0
DA:43,0
DA:44,0
LF:20
LH:7
end_of_record
SF:lib\src\utils\validator.dart
DA:9,0
DA:11,0
DA:16,1
DA:18,1
DA:19,2
DA:20,2
DA:21,1
DA:23,0
DA:36,1
DA:38,1
DA:39,3
DA:40,2
DA:41,2
DA:54,0
DA:56,0
DA:65,0
DA:67,0
DA:68,0
DA:69,0
DA:71,0
DA:83,0
DA:84,0
DA:93,0
DA:94,0
DA:95,0
LF:25
LH:10
end_of_record
SF:lib\src\blocs\login_bloc\login_event.dart
DA:6,1
DA:12,1
DA:14,0
DA:15,0
LF:4
LH:2
end_of_record
SF:lib\src\blocs\signup_bloc\signup_event.dart
DA:6,1
DA:12,1
DA:14,0
DA:15,0
DA:23,1
DA:28,0
DA:30,0
LF:7
LH:3
end_of_record
SF:lib\src\blocs\login_bloc\login_state.dart
DA:6,5
DA:8,1
DA:9,1
DA:23,3
DA:29,1
DA:30,1
DA:31,1
DA:32,1
LF:8
LH:8
end_of_record
SF:lib\src\blocs\login_bloc\login_bloc.dart
DA:15,15
DA:18,1
DA:22,1
DA:23,1
DA:24,2
DA:26,0
DA:29,0
DA:30,0
DA:31,0
DA:32,0
DA:33,0
DA:35,0
DA:37,0
LF:13
LH:5
end_of_record
SF:lib\src\blocs\signup_bloc\signup_bloc.dart
DA:13,15
DA:16,1
DA:19,1
DA:20,1
DA:21,2
DA:23,1
DA:24,2
DA:29,1
DA:31,2
DA:32,4
DA:33,2
DA:34,2
DA:35,2
DA:36,2
DA:38,2
DA:42,1
DA:44,2
DA:45,1
DA:46,1
DA:47,1
LF:20
LH:20
end_of_record
SF:lib\src\blocs\signup_bloc\signup_state.dart
DA:4,5
DA:6,1
DA:7,1
DA:21,1
DA:27,2
DA:28,1
DA:29,1
DA:30,1
LF:8
LH:8
end_of_record
SF:lib\src\screens\home_screen.dart
DA:8,2
DA:10,1
DA:11,1
DA:23,1
DA:24,2
DA:25,1
DA:29,1
DA:31,1
DA:32,1
DA:33,2
DA:35,1
DA:38,1
DA:39,1
DA:40,1
DA:41,1
DA:42,2
DA:45,1
DA:46,1
DA:47,1
DA:48,2
DA:51,1
DA:52,1
DA:53,1
DA:54,2
DA:58,1
DA:59,1
LF:26
LH:26
end_of_record
SF:lib\src\screens\recipe_screen.dart
DA:4,12
DA:6,1
DA:8,1
LF:3
LH:3
end_of_record
SF:lib\src\screens\search_screen.dart
DA:4,12
DA:6,1
DA:8,1
LF:3
LH:3
end_of_record
SF:lib\src\screens\user_profile_screen.dart
DA:4,12
DA:6,1
DA:8,1
LF:3
LH:3
end_of_record
SF:lib\src\screens\login_screen.dart
DA:17,10
DA:19,10
DA:27,5
DA:29,5
DA:31,5
DA:32,2
DA:33,2
DA:34,0
DA:37,4
DA:38,4
DA:39,4
DA:40,4
DA:41,4
DA:42,4
DA:43,0
DA:45,0
DA:51,4
DA:52,4
DA:53,4
DA:55,4
DA:58,4
DA:59,4
DA:62,4
DA:66,4
DA:67,4
DA:69,4
DA:70,4
DA:71,4
DA:74,4
DA:76,4
DA:77,4
DA:78,4
DA:79,4
DA:80,2
DA:83,4
DA:84,4
DA:85,4
DA:86,2
DA:90,4
DA:93,0
DA:94,0
DA:95,0
DA:96,0
DA:97,0
DA:113,5
DA:115,10
DA:116,0
DA:118,5
LF:48
LH:39
end_of_record
SF:lib\src\widgets\login_and_signup\email_text_field.dart
DA:11,8
DA:16,8
DA:18,8
DA:19,8
DA:25,8
DA:27,8
DA:29,8
DA:30,8
DA:31,8
DA:32,16
DA:33,8
DA:34,8
DA:35,8
DA:36,8
DA:39,24
DA:40,8
DA:41,16
DA:45,8
DA:46,24
DA:48,26
DA:49,8
DA:50,8
DA:52,16
DA:55,8
DA:56,8
DA:58,16
DA:63,8
DA:64,8
DA:65,8
DA:66,8
DA:68,24
LF:31
LH:31
end_of_record
SF:lib\src\widgets\login_and_signup\login_and_signup_body.dart
DA:18,7
DA:28,7
DA:29,7
DA:31,7
DA:32,7
DA:33,7
DA:34,14
DA:35,14
DA:36,14
DA:37,8
DA:39,7
DA:40,7
DA:42,7
DA:43,7
DA:45,7
DA:46,1
DA:47,1
DA:48,1
DA:51,1
DA:56,7
DA:57,7
DA:58,8
DA:59,8
DA:61,7
DA:63,7
DA:64,7
DA:66,7
DA:67,7
DA:68,21
DA:71,14
DA:72,7
DA:73,7
DA:74,7
DA:75,7
DA:76,7
DA:77,7
DA:78,14
DA:79,7
DA:80,7
DA:81,7
DA:82,7
DA:83,7
DA:84,7
DA:85,7
DA:88,14
DA:89,7
DA:90,7
DA:91,1
DA:92,2
DA:94,7
DA:95,7
DA:96,28
LF:52
LH:52
end_of_record
SF:lib\src\widgets\login_and_signup\login_and_signup_header.dart
DA:11,7
DA:15,7
DA:17,7
DA:19,7
DA:21,7
DA:22,7
DA:23,7
DA:24,7
DA:25,15
DA:27,7
DA:28,7
DA:29,7
DA:31,7
DA:33,7
DA:34,21
DA:36,7
DA:37,7
DA:38,7
DA:41,7
DA:43,15
DA:44,7
DA:46,7
DA:49,7
DA:50,7
DA:51,7
DA:52,7
DA:53,1
DA:54,7
DA:56,7
DA:57,7
DA:58,28
LF:31
LH:31
end_of_record
SF:lib\src\widgets\login_and_signup\password_text_field.dart
DA:13,7
DA:19,7
DA:21,7
DA:22,7
DA:28,7
DA:30,7
DA:32,7
DA:33,7
DA:35,7
DA:36,7
DA:37,7
DA:38,14
DA:39,28
DA:44,14
DA:45,4
DA:46,0
DA:47,0
DA:49,4
DA:51,16
DA:56,4
DA:59,21
DA:60,7
DA:61,14
DA:65,7
DA:66,21
DA:68,23
DA:69,7
DA:70,7
DA:72,14
DA:75,7
DA:76,7
DA:78,14
DA:83,21
DA:85,21
LF:34
LH:32
end_of_record
SF:lib\src\utils\screen_util.dart
DA:9,9
DA:10,9
DA:11,39
DA:12,9
DA:15,10
DA:16,10
DA:17,43
DA:18,10
LF:8
LH:8
end_of_record
SF:lib\src\widgets\custom_button.dart
DA:11,8
DA:17,8
DA:19,8
DA:21,8
DA:22,8
DA:23,8
DA:24,8
DA:25,8
DA:26,8
DA:27,8
DA:28,8
DA:29,8
DA:30,8
DA:31,8
DA:33,8
DA:34,8
DA:35,8
DA:36,8
DA:37,8
DA:38,8
DA:41,8
LF:21
LH:21
end_of_record
SF:lib\src\widgets\logo.dart
DA:7,20
DA:9,10
DA:11,10
DA:13,10
DA:16,10
DA:17,10
DA:18,20
DA:19,10
DA:20,10
DA:21,10
DA:22,10
DA:23,10
LF:12
LH:12
end_of_record
SF:lib\src\screens\signup_screen.dart
DA:19,8
DA:20,8
DA:27,4
DA:29,4
DA:31,4
DA:32,4
DA:38,4
DA:40,4
DA:42,4
DA:43,4
DA:44,4
DA:45,8
DA:46,4
DA:47,4
DA:48,4
DA:49,4
DA:52,12
DA:53,4
DA:54,8
DA:57,4
DA:58,4
DA:60,12
DA:61,0
DA:62,0
DA:63,0
DA:64,0
DA:65,0
DA:67,4
DA:68,4
DA:73,4
DA:74,4
DA:81,4
DA:83,12
DA:95,4
DA:97,4
DA:99,4
DA:100,0
DA:101,0
DA:102,0
DA:105,4
DA:106,4
DA:107,4
DA:108,4
DA:109,4
DA:110,4
DA:111,1
DA:114,1
DA:119,4
DA:120,4
DA:121,4
DA:123,4
DA:126,4
DA:127,4
DA:130,4
DA:134,4
DA:135,4
DA:136,4
DA:137,4
DA:138,4
DA:139,4
DA:142,4
DA:144,4
DA:146,4
DA:147,4
DA:148,4
DA:150,4
DA:152,4
DA:154,4
DA:155,4
DA:156,0
DA:158,4
DA:160,4
DA:161,4
DA:162,0
DA:167,0
DA:168,0
DA:169,0
DA:170,0
DA:171,0
DA:173,0
DA:175,0
DA:176,0
DA:177,0
DA:179,0
DA:180,0
DA:181,0
DA:182,0
DA:199,4
DA:201,8
DA:202,1
DA:204,4
DA:207,0
DA:210,0
DA:212,0
DA:214,0
DA:216,0
DA:217,0
DA:218,0
DA:219,0
DA:225,0
LF:100
LH:68
end_of_record
SF:lib\src\screens\forgot_password_screen.dart
DA:20,1
DA:22,3
DA:23,1
DA:49,2
DA:55,2
DA:56,2
DA:59,1
DA:61,1
DA:66,2
DA:67,2
DA:68,2
DA:69,2
DA:70,2
DA:71,2
DA:72,2
DA:79,2
DA:80,2
DA:90,2
DA:91,2
DA:92,2
DA:93,2
DA:94,2
DA:95,2
DA:96,2
DA:99,1
DA:101,1
DA:102,0
DA:103,0
DA:104,0
DA:107,1
DA:108,1
DA:109,1
DA:110,1
DA:112,1
DA:115,1
DA:116,1
DA:117,1
DA:124,1
DA:126,1
DA:128,1
DA:131,1
DA:132,1
DA:134,1
DA:135,1
DA:137,1
DA:139,2
DA:141,1
DA:142,1
DA:143,2
DA:146,1
DA:148,1
DA:153,1
DA:154,1
DA:155,2
DA:157,1
DA:158,1
DA:160,1
DA:161,1
DA:163,1
DA:164,1
DA:166,1
DA:167,1
DA:170,1
DA:177,1
DA:179,1
DA:180,1
DA:181,1
DA:183,1
DA:184,1
DA:185,1
DA:187,1
DA:188,2
DA:190,1
DA:191,1
DA:192,2
DA:194,1
DA:196,1
DA:198,1
DA:205,1
DA:206,2
DA:208,1
DA:210,1
DA:214,2
DA:215,1
DA:216,1
DA:218,1
DA:220,1
DA:222,1
DA:223,0
DA:226,1
DA:227,1
DA:229,2
DA:230,1
DA:231,0
DA:232,0
DA:233,0
DA:234,0
DA:236,1
DA:239,1
LF:99
LH:91
end_of_record
SF:lib\src\screens\onboarding_screen.dart
DA:11,1
DA:34,2
DA:41,1
DA:43,2
DA:44,2
DA:45,2
DA:46,2
DA:47,2
DA:48,2
DA:49,2
DA:50,2
DA:51,2
DA:52,2
DA:53,2
DA:57,2
DA:63,1
DA:64,1
DA:65,1
DA:66,2
DA:68,1
DA:69,2
DA:70,1
DA:71,1
DA:72,1
DA:74,1
DA:75,1
DA:77,1
DA:78,1
DA:82,1
DA:83,1
DA:89,1
DA:90,1
DA:91,1
DA:92,1
DA:93,1
DA:94,1
DA:98,1
DA:99,1
DA:100,1
DA:101,1
DA:102,2
DA:105,1
DA:106,1
DA:107,2
DA:109,1
DA:112,1
DA:119,1
DA:120,2
DA:123,1
DA:124,1
DA:125,2
DA:127,1
DA:128,1
DA:130,1
DA:132,1
DA:133,1
DA:140,1
DA:141,2
DA:144,1
DA:145,1
DA:146,1
DA:147,1
DA:148,1
DA:150,1
DA:151,1
DA:152,1
DA:153,2
DA:155,2
DA:156,1
DA:158,1
DA:160,1
DA:163,1
DA:164,1
DA:166,1
DA:175,1
DA:176,2
DA:179,1
DA:180,1
DA:181,2
DA:183,2
DA:184,1
DA:186,1
DA:189,1
DA:194,1
DA:195,1
DA:197,1
DA:201,1
DA:202,2
DA:215,1
LF:89
LH:89
end_of_record
